<?xml version="1.0" encoding="UTF-8"?>
<!-- Generated by org.testng.reporters.JUnitXMLReporter -->
<testsuite ignored="0" hostname="NamLeHoang" failures="0" tests="5" name="UI_Interactions_Test" time="30.498" errors="0" timestamp="2026-03-28T21:07:54 ICT">
  <testcase classname="test_ng.SliderTestNG" name="testSliderHandle" time="14.154"/>
  <testcase classname="test_ng.HoverTestNG" name="testHoverAction" time="3.21"/>
  <testcase classname="test_ng.LoginTestNG" name="testLogin" time="1.083"/>
  <testcase classname="test_ng.LoginTestNG" name="testLogin" time="5.611"/>
  <testcase classname="test_ng.LoginTestNG" name="testLogin" time="0.832"/>
</testsuite> <!-- UI_Interactions_Test -->
