<?xml version="1.0" encoding="UTF-8"?>
<!-- Generated by org.testng.reporters.JUnitXMLReporter -->
<testsuite ignored="0" hostname="NamLeHoang" failures="0" tests="5" name="UI_Interactions_Test" time="27.868" errors="0" timestamp="2026-03-29T00:26:05 ICT">
  <testcase classname="test_ng.SliderTestNG" name="testSliderHandle" time="17.143"/>
  <testcase classname="test_ng.HoverTestNG" name="testHoverAction" time="3.191"/>
  <testcase classname="test_ng.LoginTestNG" name="testLogin" time="0.795"/>
  <testcase classname="test_ng.LoginTestNG" name="testLogin" time="0.851"/>
  <testcase classname="test_ng.LoginTestNG" name="testLogin" time="0.856"/>
</testsuite> <!-- UI_Interactions_Test -->
