<?xml version="1.0" encoding="UTF-8"?>
<testng-results ignored="0" total="2" passed="2" failed="0" skipped="0">
  <reporter-output>
  </reporter-output>
  <suite started-at="2026-03-28T15:29:09 ICT" name="Automation_Testing_Suite" finished-at="2026-03-28T15:29:36 ICT" duration-ms="27094">
    <groups>
    </groups>
    <test started-at="2026-03-28T15:29:09 ICT" name="UI_Interactions_Test" finished-at="2026-03-28T15:29:36 ICT" duration-ms="27094">
      <class name="test_ng.SliderTestNG">
        <test-method is-config="true" signature="setUp()[pri:0, instance:test_ng.SliderTestNG@402e37bc]" started-at="2026-03-28T15:29:09 ICT" name="setUp" finished-at="2026-03-28T15:29:11 ICT" duration-ms="2329" status="PASS">
          <reporter-output>
          </reporter-output>
        </test-method> <!-- setUp -->
        <test-method signature="testSliderHandle()[pri:0, instance:test_ng.SliderTestNG@402e37bc]" started-at="2026-03-28T15:29:11 ICT" name="testSliderHandle" finished-at="2026-03-28T15:29:31 ICT" duration-ms="19877" status="PASS">
          <reporter-output>
          </reporter-output>
        </test-method> <!-- testSliderHandle -->
        <test-method is-config="true" signature="tearDown()[pri:0, instance:test_ng.SliderTestNG@402e37bc]" started-at="2026-03-28T15:29:31 ICT" name="tearDown" finished-at="2026-03-28T15:29:31 ICT" duration-ms="161" status="PASS">
          <reporter-output>
          </reporter-output>
        </test-method> <!-- tearDown -->
      </class> <!-- test_ng.SliderTestNG -->
      <class name="test_ng.HoverTestNG">
        <test-method is-config="true" signature="setUp()[pri:0, instance:test_ng.HoverTestNG@56a6d5a6]" started-at="2026-03-28T15:29:31 ICT" name="setUp" finished-at="2026-03-28T15:29:32 ICT" duration-ms="694" status="PASS">
          <reporter-output>
          </reporter-output>
        </test-method> <!-- setUp -->
        <test-method signature="testHoverAction()[pri:1, instance:test_ng.HoverTestNG@56a6d5a6]" started-at="2026-03-28T15:29:32 ICT" name="testHoverAction" description="Kiểm tra thao tác di chuột (Hover) để hiển thị Tooltip" finished-at="2026-03-28T15:29:36 ICT" duration-ms="3888" status="PASS">
          <reporter-output>
          </reporter-output>
        </test-method> <!-- testHoverAction -->
        <test-method is-config="true" signature="tearDown()[pri:0, instance:test_ng.HoverTestNG@56a6d5a6]" started-at="2026-03-28T15:29:36 ICT" name="tearDown" finished-at="2026-03-28T15:29:36 ICT" duration-ms="101" status="PASS">
          <reporter-output>
          </reporter-output>
        </test-method> <!-- tearDown -->
      </class> <!-- test_ng.HoverTestNG -->
    </test> <!-- UI_Interactions_Test -->
  </suite> <!-- Automation_Testing_Suite -->
</testng-results>
