<?xml version="1.0" encoding="UTF-8"?>
<!-- Generated by org.testng.reporters.JUnitReportReporter -->
<testsuite hostname="NamLeHoang" failures="0" tests="3" name="test_ng.tests.OrangeHRMTestNG" time="22.739" errors="0" timestamp="2026-04-12T21:10:58 ICT" skipped="0">
  <testcase classname="test_ng.tests.OrangeHRMTestNG" name="testOrangeLogin" time="6.248"/>
  <testcase classname="test_ng.tests.OrangeHRMTestNG" name="testOrangeLogin" time="6.084"/>
  <testcase classname="test_ng.tests.OrangeHRMTestNG" name="testOrangeLogin" time="10.407"/>
</testsuite> <!-- test_ng.tests.OrangeHRMTestNG -->
