<?xml version="1.0" encoding="UTF-8"?>
<!-- Generated by org.testng.reporters.JUnitReportReporter -->
<testsuite hostname="NamLeHoang" failures="0" tests="3" name="test_ng.LoginTestNG" time="4.885" errors="0" timestamp="2026-03-29T00:26:05 ICT" skipped="0">
  <testcase classname="test_ng.LoginTestNG" name="testLogin" time="1.641"/>
  <testcase classname="test_ng.LoginTestNG" name="testLogin" time="1.646"/>
  <testcase classname="test_ng.LoginTestNG" name="testLogin" time="1.598"/>
</testsuite> <!-- test_ng.LoginTestNG -->
