<?xml version="1.0" encoding="UTF-8"?>
<!-- Generated by org.testng.reporters.JUnitReportReporter -->
<testsuite hostname="NamLeHoang" failures="0" tests="3" name="test_ng.LoginTestNG" time="8.131" errors="0" timestamp="2026-03-28T22:53:47 ICT" skipped="0">
  <testcase classname="test_ng.LoginTestNG" name="testLogin" time="2.217"/>
  <testcase classname="test_ng.LoginTestNG" name="testLogin" time="2.334"/>
  <testcase classname="test_ng.LoginTestNG" name="testLogin" time="3.580"/>
</testsuite> <!-- test_ng.LoginTestNG -->
