<?xml version="1.0" encoding="UTF-8"?>
<!-- Generated by org.testng.reporters.JUnitReportReporter -->
<testsuite hostname="NamLeHoang" failures="0" tests="3" name="test_ng.tests.OrangeHRMTestNG" time="30.851" errors="0" timestamp="2026-03-31T22:56:29 ICT" skipped="0">
  <testcase classname="test_ng.tests.OrangeHRMTestNG" name="testOrangeLogin" time="8.197"/>
  <testcase classname="test_ng.tests.OrangeHRMTestNG" name="testOrangeLogin" time="9.904"/>
  <testcase classname="test_ng.tests.OrangeHRMTestNG" name="testOrangeLogin" time="12.750"/>
</testsuite> <!-- test_ng.tests.OrangeHRMTestNG -->
